03/24/2024 10:26:33 AM - INFO : Email Validation Started.
03/24/2024 10:26:33 AM - INFO : Email Validated Successfully.
03/24/2024 10:26:33 AM - INFO : Mailing Process Started.
03/24/2024 10:26:33 AM - INFO : Generating OTP
03/24/2024 10:26:33 AM - INFO : Starting Server.
03/24/2024 10:26:34 AM - INFO : Logging into host account.
03/24/2024 10:26:35 AM - INFO : Sending Mail.
03/24/2024 10:26:42 AM - INFO : Email send successfully.
03/24/2024 10:27:57 AM - INFO : Email Validation Started.
03/24/2024 10:27:57 AM - INFO : Email Validated Successfully.
03/24/2024 10:27:57 AM - INFO : Mailing Process Started.
03/24/2024 10:27:57 AM - INFO : Generating OTP
03/24/2024 10:27:57 AM - INFO : Starting Server.
03/24/2024 10:27:59 AM - INFO : Logging into host account.
03/24/2024 10:28:00 AM - INFO : Sending Mail.
03/24/2024 10:28:07 AM - INFO : May be username, domain or mailing related issue.
03/24/2024 10:28:25 AM - INFO : Email Validation Started.
03/24/2024 10:28:25 AM - INFO : Email Validated Successfully.
03/24/2024 10:28:25 AM - INFO : Mailing Process Started.
03/24/2024 10:28:25 AM - INFO : Generating OTP
03/24/2024 10:28:25 AM - INFO : Starting Server.
03/24/2024 10:28:27 AM - INFO : Logging into host account.
03/24/2024 10:28:28 AM - INFO : Sending Mail.
03/24/2024 10:28:35 AM - INFO : Email send successfully.
03/24/2024 11:11:53 AM - INFO : Email Validation Started.
03/24/2024 11:11:53 AM - INFO : No Email String Detected.
03/24/2024 11:12:07 AM - INFO : Email Validation Started.
03/24/2024 11:12:07 AM - INFO : Email Validated Successfully.
03/24/2024 11:12:07 AM - INFO : Mailing Process Started.
03/24/2024 11:12:07 AM - INFO : Generating OTP
03/24/2024 11:12:07 AM - INFO : Starting Server.
03/24/2024 11:12:09 AM - INFO : Logging into host account.
03/24/2024 11:12:10 AM - INFO : Sending Mail.
03/24/2024 11:12:17 AM - INFO : Email send successfully.
03/24/2024 11:12:57 AM - INFO : Email Validation Started.
03/24/2024 11:12:57 AM - INFO : Email Validated Successfully.
03/24/2024 11:12:57 AM - INFO : Mailing Process Started.
03/24/2024 11:12:57 AM - INFO : Generating OTP
03/24/2024 11:12:57 AM - INFO : Starting Server.
03/24/2024 11:12:59 AM - INFO : Logging into host account.
03/24/2024 11:13:00 AM - INFO : Sending Mail.
03/24/2024 11:13:07 AM - INFO : Email send successfully.
03/24/2024 11:14:34 AM - INFO : Email Validation Started.
03/24/2024 11:14:34 AM - INFO : Email Validated Successfully.
03/24/2024 11:14:34 AM - INFO : Mailing Process Started.
03/24/2024 11:14:34 AM - INFO : Generating OTP
03/24/2024 11:14:34 AM - INFO : Starting Server.
03/24/2024 11:14:36 AM - INFO : Logging into host account.
03/24/2024 11:14:37 AM - INFO : Sending Mail.
03/24/2024 11:14:44 AM - INFO : Email send successfully.
